{"/Users/shashwatguta/Desktop/rock-paper-sissors-betting/src/Components/Board.tsx": {"path":"/Users/shashwatguta/Desktop/rock-paper-sissors-betting/src/Components/Board.tsx","all":false,"statementMap":{"0":{"start":{"line":1,"column":0},"end":{"line":1,"column":35}},"1":{"start":{"line":2,"column":0},"end":{"line":2,"column":50}},"2":{"start":{"line":3,"column":0},"end":{"line":3,"column":39}},"5":{"start":{"line":6,"column":0},"end":{"line":6,"column":21}},"6":{"start":{"line":7,"column":0},"end":{"line":7,"column":43}},"7":{"start":{"line":8,"column":0},"end":{"line":8,"column":10}},"9":{"start":{"line":10,"column":0},"end":{"line":10,"column":23}},"10":{"start":{"line":11,"column":0},"end":{"line":11,"column":10}},"11":{"start":{"line":12,"column":0},"end":{"line":12,"column":18}},"12":{"start":{"line":13,"column":0},"end":{"line":13,"column":118}},"13":{"start":{"line":14,"column":0},"end":{"line":14,"column":52}},"14":{"start":{"line":15,"column":0},"end":{"line":15,"column":35}},"15":{"start":{"line":16,"column":0},"end":{"line":16,"column":35}},"16":{"start":{"line":17,"column":0},"end":{"line":17,"column":23}},"17":{"start":{"line":18,"column":0},"end":{"line":18,"column":85}},"18":{"start":{"line":19,"column":0},"end":{"line":19,"column":32}},"19":{"start":{"line":20,"column":0},"end":{"line":20,"column":44}},"20":{"start":{"line":21,"column":0},"end":{"line":21,"column":30}},"21":{"start":{"line":22,"column":0},"end":{"line":22,"column":34}},"22":{"start":{"line":23,"column":0},"end":{"line":23,"column":36}},"23":{"start":{"line":24,"column":0},"end":{"line":24,"column":25}},"25":{"start":{"line":26,"column":0},"end":{"line":26,"column":55}},"27":{"start":{"line":28,"column":0},"end":{"line":28,"column":14}},"28":{"start":{"line":29,"column":0},"end":{"line":29,"column":58}},"29":{"start":{"line":30,"column":0},"end":{"line":30,"column":23}},"30":{"start":{"line":31,"column":0},"end":{"line":31,"column":14}},"31":{"start":{"line":32,"column":0},"end":{"line":32,"column":52}},"32":{"start":{"line":33,"column":0},"end":{"line":33,"column":33}},"33":{"start":{"line":34,"column":0},"end":{"line":34,"column":105}},"34":{"start":{"line":35,"column":0},"end":{"line":35,"column":59}},"35":{"start":{"line":36,"column":0},"end":{"line":36,"column":25}},"36":{"start":{"line":37,"column":0},"end":{"line":37,"column":34}},"37":{"start":{"line":38,"column":0},"end":{"line":38,"column":46}},"38":{"start":{"line":39,"column":0},"end":{"line":39,"column":35}},"39":{"start":{"line":40,"column":0},"end":{"line":40,"column":32}},"40":{"start":{"line":41,"column":0},"end":{"line":41,"column":26}},"41":{"start":{"line":42,"column":0},"end":{"line":42,"column":21}},"42":{"start":{"line":43,"column":0},"end":{"line":43,"column":72}},"43":{"start":{"line":44,"column":0},"end":{"line":44,"column":46}},"45":{"start":{"line":46,"column":0},"end":{"line":46,"column":27}},"46":{"start":{"line":47,"column":0},"end":{"line":47,"column":15}},"47":{"start":{"line":48,"column":0},"end":{"line":48,"column":16}},"48":{"start":{"line":49,"column":0},"end":{"line":49,"column":14}},"49":{"start":{"line":50,"column":0},"end":{"line":50,"column":12}},"52":{"start":{"line":53,"column":0},"end":{"line":53,"column":2}},"54":{"start":{"line":55,"column":0},"end":{"line":55,"column":21}}},"s":{"0":1,"1":1,"2":1,"5":1,"6":4,"7":4,"9":4,"10":3,"11":3,"12":3,"13":3,"14":3,"15":3,"16":2,"17":2,"18":2,"19":2,"20":2,"21":2,"22":2,"23":2,"25":1,"27":3,"28":3,"29":3,"30":3,"31":3,"32":3,"33":3,"34":3,"35":3,"36":3,"37":3,"38":3,"39":3,"40":3,"41":3,"42":3,"43":1,"45":3,"46":3,"47":3,"48":3,"49":3,"52":4,"54":1},"branchMap":{"0":{"type":"branch","line":6,"loc":{"start":{"line":6,"column":14},"end":{"line":53,"column":2}},"locations":[{"start":{"line":6,"column":14},"end":{"line":53,"column":2}}]},"1":{"type":"branch","line":10,"loc":{"start":{"line":10,"column":11},"end":{"line":50,"column":12}},"locations":[{"start":{"line":10,"column":11},"end":{"line":50,"column":12}}]},"2":{"type":"branch","line":16,"loc":{"start":{"line":16,"column":17},"end":{"line":24,"column":25}},"locations":[{"start":{"line":16,"column":17},"end":{"line":24,"column":25}}]},"3":{"type":"branch","line":24,"loc":{"start":{"line":24,"column":12},"end":{"line":26,"column":55}},"locations":[{"start":{"line":24,"column":12},"end":{"line":26,"column":55}}]},"4":{"type":"branch","line":35,"loc":{"start":{"line":35,"column":46},"end":{"line":46,"column":27}},"locations":[{"start":{"line":35,"column":46},"end":{"line":46,"column":27}}]},"5":{"type":"branch","line":43,"loc":{"start":{"line":43,"column":60},"end":{"line":43,"column":72}},"locations":[{"start":{"line":43,"column":60},"end":{"line":43,"column":72}}]},"6":{"type":"branch","line":43,"loc":{"start":{"line":43,"column":64},"end":{"line":44,"column":46}},"locations":[{"start":{"line":43,"column":64},"end":{"line":44,"column":46}}]}},"b":{"0":[4],"1":[3],"2":[2],"3":[1],"4":[3],"5":[2],"6":[1]},"fnMap":{"0":{"name":"Board","decl":{"start":{"line":6,"column":14},"end":{"line":53,"column":2}},"loc":{"start":{"line":6,"column":14},"end":{"line":53,"column":2}},"line":6}},"f":{"0":4}}
,"/Users/shashwatguta/Desktop/rock-paper-sissors-betting/src/Components/Header.tsx": {"path":"/Users/shashwatguta/Desktop/rock-paper-sissors-betting/src/Components/Header.tsx","all":false,"statementMap":{"0":{"start":{"line":1,"column":0},"end":{"line":1,"column":35}},"1":{"start":{"line":2,"column":0},"end":{"line":2,"column":50}},"4":{"start":{"line":5,"column":0},"end":{"line":5,"column":22}},"5":{"start":{"line":6,"column":0},"end":{"line":6,"column":43}},"6":{"start":{"line":7,"column":0},"end":{"line":7,"column":10}},"7":{"start":{"line":8,"column":0},"end":{"line":8,"column":70}},"8":{"start":{"line":9,"column":0},"end":{"line":9,"column":58}},"9":{"start":{"line":10,"column":0},"end":{"line":10,"column":58}},"10":{"start":{"line":11,"column":0},"end":{"line":11,"column":23}},"11":{"start":{"line":12,"column":0},"end":{"line":12,"column":12}},"12":{"start":{"line":13,"column":0},"end":{"line":13,"column":58}},"13":{"start":{"line":14,"column":0},"end":{"line":14,"column":54}},"14":{"start":{"line":15,"column":0},"end":{"line":15,"column":19}},"15":{"start":{"line":16,"column":0},"end":{"line":16,"column":12}},"16":{"start":{"line":17,"column":0},"end":{"line":17,"column":58}},"17":{"start":{"line":18,"column":0},"end":{"line":18,"column":54}},"18":{"start":{"line":19,"column":0},"end":{"line":19,"column":19}},"19":{"start":{"line":20,"column":0},"end":{"line":20,"column":12}},"20":{"start":{"line":21,"column":0},"end":{"line":21,"column":10}},"22":{"start":{"line":23,"column":0},"end":{"line":23,"column":2}},"24":{"start":{"line":25,"column":0},"end":{"line":25,"column":22}}},"s":{"0":1,"1":1,"4":1,"5":3,"6":3,"7":3,"8":3,"9":3,"10":3,"11":3,"12":3,"13":3,"14":3,"15":3,"16":3,"17":3,"18":3,"19":3,"20":3,"22":3,"24":1},"branchMap":{"0":{"type":"branch","line":5,"loc":{"start":{"line":5,"column":15},"end":{"line":23,"column":2}},"locations":[{"start":{"line":5,"column":15},"end":{"line":23,"column":2}}]}},"b":{"0":[3]},"fnMap":{"0":{"name":"Header","decl":{"start":{"line":5,"column":15},"end":{"line":23,"column":2}},"loc":{"start":{"line":5,"column":15},"end":{"line":23,"column":2}},"line":5}},"f":{"0":3}}
,"/Users/shashwatguta/Desktop/rock-paper-sissors-betting/src/Components/PlayButton.tsx": {"path":"/Users/shashwatguta/Desktop/rock-paper-sissors-betting/src/Components/PlayButton.tsx","all":false,"statementMap":{"0":{"start":{"line":1,"column":0},"end":{"line":1,"column":35}},"1":{"start":{"line":2,"column":0},"end":{"line":2,"column":50}},"2":{"start":{"line":3,"column":0},"end":{"line":3,"column":39}},"5":{"start":{"line":6,"column":0},"end":{"line":6,"column":26}},"6":{"start":{"line":7,"column":0},"end":{"line":7,"column":53}},"7":{"start":{"line":8,"column":0},"end":{"line":8,"column":10}},"8":{"start":{"line":9,"column":0},"end":{"line":9,"column":42}},"9":{"start":{"line":10,"column":0},"end":{"line":10,"column":13}},"10":{"start":{"line":11,"column":0},"end":{"line":11,"column":24}},"12":{"start":{"line":13,"column":0},"end":{"line":13,"column":56}},"13":{"start":{"line":14,"column":0},"end":{"line":14,"column":58}},"14":{"start":{"line":15,"column":0},"end":{"line":15,"column":28}},"15":{"start":{"line":16,"column":0},"end":{"line":16,"column":28}},"16":{"start":{"line":17,"column":0},"end":{"line":17,"column":15}},"17":{"start":{"line":18,"column":0},"end":{"line":18,"column":19}},"18":{"start":{"line":19,"column":0},"end":{"line":19,"column":11}},"20":{"start":{"line":21,"column":0},"end":{"line":21,"column":36}},"21":{"start":{"line":22,"column":0},"end":{"line":22,"column":69}},"23":{"start":{"line":24,"column":0},"end":{"line":24,"column":34}},"24":{"start":{"line":25,"column":0},"end":{"line":25,"column":67}},"26":{"start":{"line":27,"column":0},"end":{"line":27,"column":63}},"27":{"start":{"line":28,"column":0},"end":{"line":28,"column":10}},"28":{"start":{"line":29,"column":0},"end":{"line":29,"column":117}},"29":{"start":{"line":30,"column":0},"end":{"line":30,"column":53}},"30":{"start":{"line":31,"column":0},"end":{"line":31,"column":15}},"31":{"start":{"line":32,"column":0},"end":{"line":32,"column":10}},"33":{"start":{"line":34,"column":0},"end":{"line":34,"column":2}},"35":{"start":{"line":36,"column":0},"end":{"line":36,"column":26}}},"s":{"0":1,"1":1,"2":1,"5":1,"6":6,"7":6,"8":6,"9":6,"10":6,"12":4,"13":1,"14":1,"15":1,"16":1,"17":1,"18":1,"20":3,"21":4,"23":2,"24":2,"26":1,"27":4,"28":6,"29":6,"30":6,"31":6,"33":6,"35":1},"branchMap":{"0":{"type":"branch","line":6,"loc":{"start":{"line":6,"column":19},"end":{"line":34,"column":2}},"locations":[{"start":{"line":6,"column":19},"end":{"line":34,"column":2}}]},"1":{"type":"branch","line":30,"loc":{"start":{"line":30,"column":16},"end":{"line":30,"column":42}},"locations":[{"start":{"line":30,"column":16},"end":{"line":30,"column":42}}]},"2":{"type":"branch","line":30,"loc":{"start":{"line":30,"column":33},"end":{"line":30,"column":53}},"locations":[{"start":{"line":30,"column":33},"end":{"line":30,"column":53}}]},"3":{"type":"branch","line":11,"loc":{"start":{"line":11,"column":17},"end":{"line":28,"column":10}},"locations":[{"start":{"line":11,"column":17},"end":{"line":28,"column":10}}]},"4":{"type":"branch","line":13,"loc":{"start":{"line":13,"column":55},"end":{"line":19,"column":11}},"locations":[{"start":{"line":13,"column":55},"end":{"line":19,"column":11}}]},"5":{"type":"branch","line":19,"loc":{"start":{"line":19,"column":10},"end":{"line":22,"column":21}},"locations":[{"start":{"line":19,"column":10},"end":{"line":22,"column":21}}]},"6":{"type":"branch","line":22,"loc":{"start":{"line":22,"column":12},"end":{"line":22,"column":69}},"locations":[{"start":{"line":22,"column":12},"end":{"line":22,"column":69}}]},"7":{"type":"branch","line":22,"loc":{"start":{"line":22,"column":67},"end":{"line":27,"column":63}},"locations":[{"start":{"line":22,"column":67},"end":{"line":27,"column":63}}]},"8":{"type":"branch","line":25,"loc":{"start":{"line":25,"column":12},"end":{"line":27,"column":63}},"locations":[{"start":{"line":25,"column":12},"end":{"line":27,"column":63}}]}},"b":{"0":[6],"1":[3],"2":[3],"3":[4],"4":[1],"5":[3],"6":[1],"7":[2],"8":[1]},"fnMap":{"0":{"name":"PlayButton","decl":{"start":{"line":6,"column":19},"end":{"line":34,"column":2}},"loc":{"start":{"line":6,"column":19},"end":{"line":34,"column":2}},"line":6},"1":{"name":"onClick","decl":{"start":{"line":11,"column":17},"end":{"line":28,"column":10}},"loc":{"start":{"line":11,"column":17},"end":{"line":28,"column":10}},"line":11}},"f":{"0":6,"1":4}}
,"/Users/shashwatguta/Desktop/rock-paper-sissors-betting/src/Components/Results.tsx": {"path":"/Users/shashwatguta/Desktop/rock-paper-sissors-betting/src/Components/Results.tsx","all":false,"statementMap":{"0":{"start":{"line":1,"column":0},"end":{"line":1,"column":35}},"1":{"start":{"line":2,"column":0},"end":{"line":2,"column":50}},"4":{"start":{"line":5,"column":0},"end":{"line":5,"column":23}},"5":{"start":{"line":6,"column":0},"end":{"line":6,"column":43}},"6":{"start":{"line":7,"column":0},"end":{"line":7,"column":10}},"8":{"start":{"line":9,"column":0},"end":{"line":9,"column":22}},"9":{"start":{"line":10,"column":0},"end":{"line":10,"column":47}},"10":{"start":{"line":11,"column":0},"end":{"line":11,"column":13}},"11":{"start":{"line":12,"column":0},"end":{"line":12,"column":14}},"12":{"start":{"line":13,"column":0},"end":{"line":13,"column":68}},"13":{"start":{"line":14,"column":0},"end":{"line":14,"column":20}},"15":{"start":{"line":16,"column":0},"end":{"line":16,"column":20}},"16":{"start":{"line":17,"column":0},"end":{"line":17,"column":39}},"17":{"start":{"line":18,"column":0},"end":{"line":18,"column":27}},"18":{"start":{"line":19,"column":0},"end":{"line":19,"column":44}},"19":{"start":{"line":20,"column":0},"end":{"line":20,"column":26}},"20":{"start":{"line":21,"column":0},"end":{"line":21,"column":26}},"21":{"start":{"line":22,"column":0},"end":{"line":22,"column":15}},"23":{"start":{"line":24,"column":0},"end":{"line":24,"column":76}},"24":{"start":{"line":25,"column":0},"end":{"line":25,"column":16}},"25":{"start":{"line":26,"column":0},"end":{"line":26,"column":67}},"27":{"start":{"line":28,"column":0},"end":{"line":28,"column":68}},"28":{"start":{"line":29,"column":0},"end":{"line":29,"column":16}},"29":{"start":{"line":30,"column":0},"end":{"line":30,"column":66}},"30":{"start":{"line":31,"column":0},"end":{"line":31,"column":73}},"31":{"start":{"line":32,"column":0},"end":{"line":32,"column":17}},"33":{"start":{"line":34,"column":0},"end":{"line":34,"column":16}},"34":{"start":{"line":35,"column":0},"end":{"line":35,"column":72}},"35":{"start":{"line":36,"column":0},"end":{"line":36,"column":73}},"36":{"start":{"line":37,"column":0},"end":{"line":37,"column":17}},"38":{"start":{"line":39,"column":0},"end":{"line":39,"column":16}},"39":{"start":{"line":40,"column":0},"end":{"line":40,"column":14}},"40":{"start":{"line":41,"column":0},"end":{"line":41,"column":12}},"43":{"start":{"line":44,"column":0},"end":{"line":44,"column":2}},"45":{"start":{"line":46,"column":0},"end":{"line":46,"column":23}}},"s":{"0":1,"1":1,"4":1,"5":4,"6":4,"8":4,"9":3,"10":3,"11":3,"12":3,"13":3,"15":3,"16":3,"17":1,"18":2,"19":1,"20":1,"21":3,"23":3,"24":3,"25":3,"27":3,"28":2,"29":2,"30":2,"31":2,"33":1,"34":1,"35":1,"36":1,"38":3,"39":3,"40":3,"43":4,"45":1},"branchMap":{"0":{"type":"branch","line":5,"loc":{"start":{"line":5,"column":16},"end":{"line":44,"column":2}},"locations":[{"start":{"line":5,"column":16},"end":{"line":44,"column":2}}]},"1":{"type":"branch","line":9,"loc":{"start":{"line":9,"column":10},"end":{"line":41,"column":12}},"locations":[{"start":{"line":9,"column":10},"end":{"line":41,"column":12}}]},"2":{"type":"branch","line":17,"loc":{"start":{"line":17,"column":34},"end":{"line":18,"column":27}},"locations":[{"start":{"line":17,"column":34},"end":{"line":18,"column":27}}]},"3":{"type":"branch","line":18,"loc":{"start":{"line":18,"column":20},"end":{"line":21,"column":26}},"locations":[{"start":{"line":18,"column":20},"end":{"line":21,"column":26}}]},"4":{"type":"branch","line":19,"loc":{"start":{"line":19,"column":38},"end":{"line":20,"column":26}},"locations":[{"start":{"line":19,"column":38},"end":{"line":20,"column":26}}]},"5":{"type":"branch","line":20,"loc":{"start":{"line":20,"column":20},"end":{"line":21,"column":26}},"locations":[{"start":{"line":20,"column":20},"end":{"line":21,"column":26}}]},"6":{"type":"branch","line":24,"loc":{"start":{"line":24,"column":31},"end":{"line":24,"column":49}},"locations":[{"start":{"line":24,"column":31},"end":{"line":24,"column":49}}]},"7":{"type":"branch","line":24,"loc":{"start":{"line":24,"column":40},"end":{"line":24,"column":76}},"locations":[{"start":{"line":24,"column":40},"end":{"line":24,"column":76}}]},"8":{"type":"branch","line":28,"loc":{"start":{"line":28,"column":31},"end":{"line":28,"column":68}},"locations":[{"start":{"line":28,"column":31},"end":{"line":28,"column":68}}]},"9":{"type":"branch","line":28,"loc":{"start":{"line":28,"column":59},"end":{"line":32,"column":17}},"locations":[{"start":{"line":28,"column":59},"end":{"line":32,"column":17}}]},"10":{"type":"branch","line":32,"loc":{"start":{"line":32,"column":14},"end":{"line":37,"column":17}},"locations":[{"start":{"line":32,"column":14},"end":{"line":37,"column":17}}]}},"b":{"0":[4],"1":[3],"2":[1],"3":[2],"4":[1],"5":[1],"6":[1],"7":[2],"8":[2],"9":[2],"10":[1]},"fnMap":{"0":{"name":"Results","decl":{"start":{"line":5,"column":16},"end":{"line":44,"column":2}},"loc":{"start":{"line":5,"column":16},"end":{"line":44,"column":2}},"line":5}},"f":{"0":4}}
,"/Users/shashwatguta/Desktop/rock-paper-sissors-betting/src/Components/PositionPicker/Position.tsx": {"path":"/Users/shashwatguta/Desktop/rock-paper-sissors-betting/src/Components/PositionPicker/Position.tsx","all":false,"statementMap":{"0":{"start":{"line":1,"column":0},"end":{"line":1,"column":35}},"1":{"start":{"line":2,"column":0},"end":{"line":2,"column":53}},"2":{"start":{"line":3,"column":0},"end":{"line":3,"column":49}},"4":{"start":{"line":5,"column":0},"end":{"line":5,"column":39}},"18":{"start":{"line":19,"column":0},"end":{"line":19,"column":70}},"19":{"start":{"line":20,"column":0},"end":{"line":20,"column":53}},"21":{"start":{"line":22,"column":0},"end":{"line":22,"column":10}},"22":{"start":{"line":23,"column":0},"end":{"line":23,"column":8}},"23":{"start":{"line":24,"column":0},"end":{"line":24,"column":33}},"24":{"start":{"line":25,"column":0},"end":{"line":25,"column":22}},"25":{"start":{"line":26,"column":0},"end":{"line":26,"column":71}},"26":{"start":{"line":27,"column":0},"end":{"line":27,"column":57}},"27":{"start":{"line":28,"column":0},"end":{"line":28,"column":64}},"28":{"start":{"line":29,"column":0},"end":{"line":29,"column":28}},"29":{"start":{"line":30,"column":0},"end":{"line":30,"column":28}},"30":{"start":{"line":31,"column":0},"end":{"line":31,"column":15}},"31":{"start":{"line":32,"column":0},"end":{"line":32,"column":19}},"32":{"start":{"line":33,"column":0},"end":{"line":33,"column":11}},"33":{"start":{"line":34,"column":0},"end":{"line":34,"column":9}},"34":{"start":{"line":35,"column":0},"end":{"line":35,"column":38}},"35":{"start":{"line":36,"column":0},"end":{"line":36,"column":74}},"36":{"start":{"line":37,"column":0},"end":{"line":37,"column":17}},"37":{"start":{"line":38,"column":0},"end":{"line":38,"column":9}},"39":{"start":{"line":40,"column":0},"end":{"line":40,"column":78}},"40":{"start":{"line":41,"column":0},"end":{"line":41,"column":8}},"41":{"start":{"line":42,"column":0},"end":{"line":42,"column":102}},"42":{"start":{"line":43,"column":0},"end":{"line":43,"column":14}},"43":{"start":{"line":44,"column":0},"end":{"line":44,"column":28}},"44":{"start":{"line":45,"column":0},"end":{"line":45,"column":28}},"45":{"start":{"line":46,"column":0},"end":{"line":46,"column":62}},"46":{"start":{"line":47,"column":0},"end":{"line":47,"column":9}},"47":{"start":{"line":48,"column":0},"end":{"line":48,"column":11}},"48":{"start":{"line":49,"column":0},"end":{"line":49,"column":70}},"49":{"start":{"line":50,"column":0},"end":{"line":50,"column":59}},"50":{"start":{"line":51,"column":0},"end":{"line":51,"column":16}},"51":{"start":{"line":52,"column":0},"end":{"line":52,"column":31}},"52":{"start":{"line":53,"column":0},"end":{"line":53,"column":36}},"54":{"start":{"line":55,"column":0},"end":{"line":55,"column":40}},"55":{"start":{"line":56,"column":0},"end":{"line":56,"column":70}},"56":{"start":{"line":57,"column":0},"end":{"line":57,"column":16}},"57":{"start":{"line":58,"column":0},"end":{"line":58,"column":126}},"58":{"start":{"line":59,"column":0},"end":{"line":59,"column":71}},"59":{"start":{"line":60,"column":0},"end":{"line":60,"column":18}},"60":{"start":{"line":61,"column":0},"end":{"line":61,"column":19}},"61":{"start":{"line":62,"column":0},"end":{"line":62,"column":14}},"62":{"start":{"line":63,"column":0},"end":{"line":63,"column":12}},"63":{"start":{"line":64,"column":0},"end":{"line":64,"column":65}},"64":{"start":{"line":65,"column":0},"end":{"line":65,"column":35}},"65":{"start":{"line":66,"column":0},"end":{"line":66,"column":20}},"66":{"start":{"line":67,"column":0},"end":{"line":67,"column":14}},"67":{"start":{"line":68,"column":0},"end":{"line":68,"column":12}},"68":{"start":{"line":69,"column":0},"end":{"line":69,"column":10}},"70":{"start":{"line":71,"column":0},"end":{"line":71,"column":2}},"72":{"start":{"line":73,"column":0},"end":{"line":73,"column":24}}},"s":{"0":1,"1":1,"2":1,"4":1,"18":1,"19":14,"21":14,"22":14,"23":14,"24":14,"25":3,"26":3,"27":1,"28":1,"29":1,"30":1,"31":1,"32":1,"33":3,"34":3,"35":1,"36":1,"37":1,"39":1,"40":3,"41":14,"42":14,"43":14,"44":14,"45":14,"46":14,"47":14,"48":14,"49":14,"50":1,"51":1,"52":1,"54":1,"55":1,"56":1,"57":1,"58":1,"59":1,"60":13,"61":14,"62":14,"63":14,"64":14,"65":14,"66":14,"67":14,"68":14,"70":14,"72":1},"branchMap":{"0":{"type":"branch","line":19,"loc":{"start":{"line":19,"column":17},"end":{"line":71,"column":2}},"locations":[{"start":{"line":19,"column":17},"end":{"line":71,"column":2}}]},"1":{"type":"branch","line":46,"loc":{"start":{"line":46,"column":40},"end":{"line":46,"column":62}},"locations":[{"start":{"line":46,"column":40},"end":{"line":46,"column":62}}]},"2":{"type":"branch","line":50,"loc":{"start":{"line":50,"column":54},"end":{"line":60,"column":18}},"locations":[{"start":{"line":50,"column":54},"end":{"line":60,"column":18}}]},"3":{"type":"branch","line":60,"loc":{"start":{"line":60,"column":12},"end":{"line":61,"column":19}},"locations":[{"start":{"line":60,"column":12},"end":{"line":61,"column":19}}]},"4":{"type":"branch","line":25,"loc":{"start":{"line":25,"column":15},"end":{"line":41,"column":8}},"locations":[{"start":{"line":25,"column":15},"end":{"line":41,"column":8}}]},"5":{"type":"branch","line":27,"loc":{"start":{"line":27,"column":56},"end":{"line":33,"column":11}},"locations":[{"start":{"line":27,"column":56},"end":{"line":33,"column":11}}]},"6":{"type":"branch","line":34,"loc":{"start":{"line":34,"column":8},"end":{"line":35,"column":37}},"locations":[{"start":{"line":34,"column":8},"end":{"line":35,"column":37}}]},"7":{"type":"branch","line":35,"loc":{"start":{"line":35,"column":37},"end":{"line":40,"column":78}},"locations":[{"start":{"line":35,"column":37},"end":{"line":40,"column":78}}]},"8":{"type":"branch","line":52,"loc":{"start":{"line":52,"column":23},"end":{"line":57,"column":16}},"locations":[{"start":{"line":52,"column":23},"end":{"line":57,"column":16}}]}},"b":{"0":[14],"1":[0],"2":[1],"3":[13],"4":[3],"5":[1],"6":[2],"7":[1],"8":[1]},"fnMap":{"0":{"name":"Position","decl":{"start":{"line":19,"column":17},"end":{"line":71,"column":2}},"loc":{"start":{"line":19,"column":17},"end":{"line":71,"column":2}},"line":19},"1":{"name":"onClick","decl":{"start":{"line":25,"column":15},"end":{"line":41,"column":8}},"loc":{"start":{"line":25,"column":15},"end":{"line":41,"column":8}},"line":25},"2":{"name":"onClick","decl":{"start":{"line":52,"column":23},"end":{"line":57,"column":16}},"loc":{"start":{"line":52,"column":23},"end":{"line":57,"column":16}},"line":52}},"f":{"0":14,"1":3,"2":1}}
,"/Users/shashwatguta/Desktop/rock-paper-sissors-betting/src/Components/PositionPicker/PositionPicker.tsx": {"path":"/Users/shashwatguta/Desktop/rock-paper-sissors-betting/src/Components/PositionPicker/PositionPicker.tsx","all":false,"statementMap":{"0":{"start":{"line":1,"column":0},"end":{"line":1,"column":34}},"1":{"start":{"line":2,"column":0},"end":{"line":2,"column":51}},"4":{"start":{"line":5,"column":0},"end":{"line":5,"column":30}},"5":{"start":{"line":6,"column":0},"end":{"line":6,"column":10}},"6":{"start":{"line":7,"column":0},"end":{"line":7,"column":48}},"7":{"start":{"line":8,"column":0},"end":{"line":8,"column":62}},"9":{"start":{"line":10,"column":0},"end":{"line":10,"column":12}},"10":{"start":{"line":11,"column":0},"end":{"line":11,"column":92}},"12":{"start":{"line":13,"column":0},"end":{"line":13,"column":34}},"13":{"start":{"line":14,"column":0},"end":{"line":14,"column":19}},"14":{"start":{"line":15,"column":0},"end":{"line":15,"column":36}},"15":{"start":{"line":16,"column":0},"end":{"line":16,"column":24}},"16":{"start":{"line":17,"column":0},"end":{"line":17,"column":32}},"17":{"start":{"line":18,"column":0},"end":{"line":18,"column":30}},"18":{"start":{"line":19,"column":0},"end":{"line":19,"column":31}},"19":{"start":{"line":20,"column":0},"end":{"line":20,"column":12}},"20":{"start":{"line":21,"column":0},"end":{"line":21,"column":11}},"21":{"start":{"line":22,"column":0},"end":{"line":22,"column":12}},"22":{"start":{"line":23,"column":0},"end":{"line":23,"column":10}},"24":{"start":{"line":25,"column":0},"end":{"line":25,"column":2}},"26":{"start":{"line":27,"column":0},"end":{"line":27,"column":30}}},"s":{"0":1,"1":1,"4":1,"5":3,"6":3,"7":3,"9":3,"10":3,"12":3,"13":9,"14":9,"15":9,"16":9,"17":9,"18":9,"19":9,"20":3,"21":3,"22":3,"24":3,"26":1},"branchMap":{"0":{"type":"branch","line":5,"loc":{"start":{"line":5,"column":23},"end":{"line":25,"column":2}},"locations":[{"start":{"line":5,"column":23},"end":{"line":25,"column":2}}]},"1":{"type":"branch","line":13,"loc":{"start":{"line":13,"column":23},"end":{"line":20,"column":12}},"locations":[{"start":{"line":13,"column":23},"end":{"line":20,"column":12}}]}},"b":{"0":[3],"1":[9]},"fnMap":{"0":{"name":"PositionPicker","decl":{"start":{"line":5,"column":23},"end":{"line":25,"column":2}},"loc":{"start":{"line":5,"column":23},"end":{"line":25,"column":2}},"line":5}},"f":{"0":3}}
,"/Users/shashwatguta/Desktop/rock-paper-sissors-betting/src/Global/AppContext.tsx": {"path":"/Users/shashwatguta/Desktop/rock-paper-sissors-betting/src/Global/AppContext.tsx","all":false,"statementMap":{"0":{"start":{"line":1,"column":0},"end":{"line":1,"column":55}},"1":{"start":{"line":2,"column":0},"end":{"line":2,"column":68}},"2":{"start":{"line":3,"column":0},"end":{"line":3,"column":63}},"4":{"start":{"line":5,"column":0},"end":{"line":5,"column":60}},"5":{"start":{"line":6,"column":0},"end":{"line":6,"column":70}},"20":{"start":{"line":21,"column":0},"end":{"line":21,"column":33}},"21":{"start":{"line":22,"column":0},"end":{"line":22,"column":24}},"22":{"start":{"line":23,"column":0},"end":{"line":23,"column":16}},"23":{"start":{"line":24,"column":0},"end":{"line":24,"column":9}},"24":{"start":{"line":25,"column":0},"end":{"line":25,"column":9}},"25":{"start":{"line":26,"column":0},"end":{"line":26,"column":2}},"27":{"start":{"line":28,"column":0},"end":{"line":28,"column":41}},"30":{"start":{"line":31,"column":0},"end":{"line":31,"column":50}},"32":{"start":{"line":33,"column":0},"end":{"line":33,"column":64}},"33":{"start":{"line":34,"column":0},"end":{"line":34,"column":11}},"34":{"start":{"line":35,"column":0},"end":{"line":35,"column":7}},"35":{"start":{"line":36,"column":0},"end":{"line":36,"column":19}},"36":{"start":{"line":37,"column":0},"end":{"line":37,"column":21}},"37":{"start":{"line":38,"column":0},"end":{"line":38,"column":51}},"38":{"start":{"line":39,"column":0},"end":{"line":39,"column":8}},"39":{"start":{"line":40,"column":0},"end":{"line":40,"column":26}},"40":{"start":{"line":41,"column":0},"end":{"line":41,"column":19}},"41":{"start":{"line":42,"column":0},"end":{"line":42,"column":49}},"42":{"start":{"line":43,"column":0},"end":{"line":43,"column":71}},"43":{"start":{"line":44,"column":0},"end":{"line":44,"column":57}},"44":{"start":{"line":45,"column":0},"end":{"line":45,"column":16}},"45":{"start":{"line":46,"column":0},"end":{"line":46,"column":59}},"46":{"start":{"line":47,"column":0},"end":{"line":47,"column":9}},"48":{"start":{"line":49,"column":0},"end":{"line":49,"column":16}},"49":{"start":{"line":50,"column":0},"end":{"line":50,"column":19}},"50":{"start":{"line":51,"column":0},"end":{"line":51,"column":20}},"51":{"start":{"line":52,"column":0},"end":{"line":52,"column":43}},"52":{"start":{"line":53,"column":0},"end":{"line":53,"column":35}},"53":{"start":{"line":54,"column":0},"end":{"line":54,"column":48}},"54":{"start":{"line":55,"column":0},"end":{"line":55,"column":10}},"55":{"start":{"line":56,"column":0},"end":{"line":56,"column":7}},"56":{"start":{"line":57,"column":0},"end":{"line":57,"column":26}},"57":{"start":{"line":58,"column":0},"end":{"line":58,"column":49}},"59":{"start":{"line":60,"column":0},"end":{"line":60,"column":57}},"60":{"start":{"line":61,"column":0},"end":{"line":61,"column":63}},"61":{"start":{"line":62,"column":0},"end":{"line":62,"column":60}},"62":{"start":{"line":63,"column":0},"end":{"line":63,"column":9}},"64":{"start":{"line":65,"column":0},"end":{"line":65,"column":16}},"65":{"start":{"line":66,"column":0},"end":{"line":66,"column":19}},"66":{"start":{"line":67,"column":0},"end":{"line":67,"column":20}},"67":{"start":{"line":68,"column":0},"end":{"line":68,"column":43}},"68":{"start":{"line":69,"column":0},"end":{"line":69,"column":35}},"69":{"start":{"line":70,"column":0},"end":{"line":70,"column":48}},"70":{"start":{"line":71,"column":0},"end":{"line":71,"column":10}},"71":{"start":{"line":72,"column":0},"end":{"line":72,"column":7}},"72":{"start":{"line":73,"column":0},"end":{"line":73,"column":35}},"73":{"start":{"line":74,"column":0},"end":{"line":74,"column":16}},"74":{"start":{"line":75,"column":0},"end":{"line":75,"column":19}},"75":{"start":{"line":76,"column":0},"end":{"line":76,"column":25}},"76":{"start":{"line":77,"column":0},"end":{"line":77,"column":75}},"77":{"start":{"line":78,"column":0},"end":{"line":78,"column":24}},"78":{"start":{"line":79,"column":0},"end":{"line":79,"column":10}},"79":{"start":{"line":80,"column":0},"end":{"line":80,"column":7}},"80":{"start":{"line":81,"column":0},"end":{"line":81,"column":33}},"81":{"start":{"line":82,"column":0},"end":{"line":82,"column":16}},"82":{"start":{"line":83,"column":0},"end":{"line":83,"column":19}},"83":{"start":{"line":84,"column":0},"end":{"line":84,"column":30}},"84":{"start":{"line":85,"column":0},"end":{"line":85,"column":28}},"85":{"start":{"line":86,"column":0},"end":{"line":86,"column":34}},"86":{"start":{"line":87,"column":0},"end":{"line":87,"column":22}},"87":{"start":{"line":88,"column":0},"end":{"line":88,"column":12}},"88":{"start":{"line":89,"column":0},"end":{"line":89,"column":10}},"89":{"start":{"line":90,"column":0},"end":{"line":90,"column":7}},"90":{"start":{"line":91,"column":0},"end":{"line":91,"column":26}},"91":{"start":{"line":92,"column":0},"end":{"line":92,"column":16}},"92":{"start":{"line":93,"column":0},"end":{"line":93,"column":19}},"93":{"start":{"line":94,"column":0},"end":{"line":94,"column":18}},"94":{"start":{"line":95,"column":0},"end":{"line":95,"column":63}},"95":{"start":{"line":96,"column":0},"end":{"line":96,"column":52}},"96":{"start":{"line":97,"column":0},"end":{"line":97,"column":30}},"97":{"start":{"line":98,"column":0},"end":{"line":98,"column":24}},"98":{"start":{"line":99,"column":0},"end":{"line":99,"column":17}},"99":{"start":{"line":100,"column":0},"end":{"line":100,"column":17}},"100":{"start":{"line":101,"column":0},"end":{"line":101,"column":36}},"101":{"start":{"line":102,"column":0},"end":{"line":102,"column":29}},"102":{"start":{"line":103,"column":0},"end":{"line":103,"column":33}},"103":{"start":{"line":104,"column":0},"end":{"line":104,"column":35}},"104":{"start":{"line":105,"column":0},"end":{"line":105,"column":10}},"105":{"start":{"line":106,"column":0},"end":{"line":106,"column":7}},"106":{"start":{"line":107,"column":0},"end":{"line":107,"column":14}},"107":{"start":{"line":108,"column":0},"end":{"line":108,"column":21}},"108":{"start":{"line":109,"column":0},"end":{"line":109,"column":5}},"109":{"start":{"line":110,"column":0},"end":{"line":110,"column":4}},"111":{"start":{"line":112,"column":0},"end":{"line":112,"column":62}},"113":{"start":{"line":114,"column":0},"end":{"line":114,"column":10}},"114":{"start":{"line":115,"column":0},"end":{"line":115,"column":53}},"115":{"start":{"line":116,"column":0},"end":{"line":116,"column":16}},"116":{"start":{"line":117,"column":0},"end":{"line":117,"column":26}},"118":{"start":{"line":119,"column":0},"end":{"line":119,"column":2}}},"s":{"0":1,"1":1,"2":1,"4":1,"5":1,"20":1,"21":1,"22":1,"23":1,"24":1,"25":1,"27":1,"30":1,"32":1,"33":14,"34":14,"35":14,"36":8,"37":8,"38":8,"39":8,"40":8,"41":3,"42":3,"43":3,"44":3,"45":0,"46":0,"48":3,"49":3,"50":3,"51":3,"52":3,"53":3,"54":3,"55":3,"56":8,"57":1,"59":1,"60":1,"61":1,"62":1,"64":1,"65":1,"66":1,"67":1,"68":1,"69":1,"70":1,"71":1,"72":8,"73":2,"74":2,"75":2,"76":2,"77":2,"78":2,"79":2,"80":8,"81":1,"82":1,"83":1,"84":1,"85":1,"86":1,"87":1,"88":1,"89":1,"90":8,"91":1,"92":1,"93":1,"94":1,"95":0,"96":1,"97":1,"98":1,"99":1,"100":1,"101":1,"102":1,"103":1,"104":1,"105":1,"106":8,"107":0,"108":8,"109":8,"111":14,"113":14,"114":14,"115":14,"116":14,"118":14},"branchMap":{"0":{"type":"branch","line":33,"loc":{"start":{"line":33,"column":62},"end":{"line":119,"column":2}},"locations":[{"start":{"line":33,"column":62},"end":{"line":119,"column":2}}]},"1":{"type":"branch","line":36,"loc":{"start":{"line":36,"column":18},"end":{"line":110,"column":4}},"locations":[{"start":{"line":36,"column":18},"end":{"line":110,"column":4}}]},"2":{"type":"branch","line":41,"loc":{"start":{"line":41,"column":6},"end":{"line":56,"column":7}},"locations":[{"start":{"line":41,"column":6},"end":{"line":56,"column":7}}]},"3":{"type":"branch","line":45,"loc":{"start":{"line":45,"column":8},"end":{"line":47,"column":9}},"locations":[{"start":{"line":45,"column":8},"end":{"line":47,"column":9}}]},"4":{"type":"branch","line":57,"loc":{"start":{"line":57,"column":6},"end":{"line":72,"column":7}},"locations":[{"start":{"line":57,"column":6},"end":{"line":72,"column":7}}]},"5":{"type":"branch","line":73,"loc":{"start":{"line":73,"column":6},"end":{"line":80,"column":7}},"locations":[{"start":{"line":73,"column":6},"end":{"line":80,"column":7}}]},"6":{"type":"branch","line":81,"loc":{"start":{"line":81,"column":6},"end":{"line":90,"column":7}},"locations":[{"start":{"line":81,"column":6},"end":{"line":90,"column":7}}]},"7":{"type":"branch","line":91,"loc":{"start":{"line":91,"column":6},"end":{"line":106,"column":7}},"locations":[{"start":{"line":91,"column":6},"end":{"line":106,"column":7}}]},"8":{"type":"branch","line":95,"loc":{"start":{"line":95,"column":57},"end":{"line":96,"column":52}},"locations":[{"start":{"line":95,"column":57},"end":{"line":96,"column":52}}]},"9":{"type":"branch","line":107,"loc":{"start":{"line":107,"column":6},"end":{"line":108,"column":21}},"locations":[{"start":{"line":107,"column":6},"end":{"line":108,"column":21}}]}},"b":{"0":[14],"1":[8],"2":[3],"3":[0],"4":[1],"5":[2],"6":[1],"7":[1],"8":[0],"9":[0]},"fnMap":{"0":{"name":"dispatch","decl":{"start":{"line":31,"column":36},"end":{"line":31,"column":47}},"loc":{"start":{"line":31,"column":36},"end":{"line":31,"column":47}},"line":31},"1":{"name":"AppProvider","decl":{"start":{"line":33,"column":62},"end":{"line":119,"column":2}},"loc":{"start":{"line":33,"column":62},"end":{"line":119,"column":2}},"line":33},"2":{"name":"reducer","decl":{"start":{"line":36,"column":18},"end":{"line":110,"column":4}},"loc":{"start":{"line":36,"column":18},"end":{"line":110,"column":4}},"line":36}},"f":{"0":0,"1":14,"2":8}}
,"/Users/shashwatguta/Desktop/rock-paper-sissors-betting/src/Global/Constants.ts": {"path":"/Users/shashwatguta/Desktop/rock-paper-sissors-betting/src/Global/Constants.ts","all":false,"statementMap":{"2":{"start":{"line":3,"column":0},"end":{"line":3,"column":33}},"3":{"start":{"line":4,"column":0},"end":{"line":4,"column":27}},"4":{"start":{"line":5,"column":0},"end":{"line":5,"column":31}},"5":{"start":{"line":6,"column":0},"end":{"line":6,"column":26}},"6":{"start":{"line":7,"column":0},"end":{"line":7,"column":3}},"7":{"start":{"line":8,"column":0},"end":{"line":8,"column":38}},"8":{"start":{"line":9,"column":0},"end":{"line":9,"column":18}},"9":{"start":{"line":10,"column":0},"end":{"line":10,"column":21}},"10":{"start":{"line":11,"column":0},"end":{"line":11,"column":22}},"11":{"start":{"line":12,"column":0},"end":{"line":12,"column":4}},"12":{"start":{"line":13,"column":0},"end":{"line":13,"column":3}},"13":{"start":{"line":14,"column":0},"end":{"line":14,"column":39}},"14":{"start":{"line":15,"column":0},"end":{"line":15,"column":18}},"15":{"start":{"line":16,"column":0},"end":{"line":16,"column":21}},"16":{"start":{"line":17,"column":0},"end":{"line":17,"column":22}},"17":{"start":{"line":18,"column":0},"end":{"line":18,"column":4}},"18":{"start":{"line":19,"column":0},"end":{"line":19,"column":3}},"19":{"start":{"line":20,"column":0},"end":{"line":20,"column":42}},"20":{"start":{"line":21,"column":0},"end":{"line":21,"column":18}},"21":{"start":{"line":22,"column":0},"end":{"line":22,"column":21}},"22":{"start":{"line":23,"column":0},"end":{"line":23,"column":22}},"23":{"start":{"line":24,"column":0},"end":{"line":24,"column":4}},"24":{"start":{"line":25,"column":0},"end":{"line":25,"column":2}},"26":{"start":{"line":27,"column":0},"end":{"line":27,"column":19}},"27":{"start":{"line":28,"column":0},"end":{"line":28,"column":11}},"28":{"start":{"line":29,"column":0},"end":{"line":29,"column":12}},"29":{"start":{"line":30,"column":0},"end":{"line":30,"column":15}},"32":{"start":{"line":33,"column":0},"end":{"line":33,"column":32}}},"s":{"2":1,"3":1,"4":1,"5":1,"6":1,"7":1,"8":1,"9":1,"10":1,"11":1,"12":1,"13":1,"14":1,"15":1,"16":1,"17":1,"18":1,"19":1,"20":1,"21":1,"22":1,"23":1,"24":1,"26":1,"27":1,"28":1,"29":1,"32":1},"branchMap":{"0":{"type":"branch","line":27,"loc":{"start":{"line":27,"column":7},"end":{"line":27,"column":19}},"locations":[{"start":{"line":27,"column":7},"end":{"line":27,"column":19}}]}},"b":{"0":[10]},"fnMap":{},"f":{}}
,"/Users/shashwatguta/Desktop/rock-paper-sissors-betting/src/Global/utils/calculateMaxWinOnBets.ts": {"path":"/Users/shashwatguta/Desktop/rock-paper-sissors-betting/src/Global/utils/calculateMaxWinOnBets.ts","all":false,"statementMap":{"0":{"start":{"line":1,"column":0},"end":{"line":1,"column":49}},"3":{"start":{"line":4,"column":0},"end":{"line":4,"column":50}},"6":{"start":{"line":7,"column":0},"end":{"line":7,"column":80}},"7":{"start":{"line":8,"column":0},"end":{"line":8,"column":13}},"8":{"start":{"line":9,"column":0},"end":{"line":9,"column":53}}},"s":{"0":1,"3":1,"6":7,"7":7,"8":7},"branchMap":{"0":{"type":"branch","line":4,"loc":{"start":{"line":4,"column":37},"end":{"line":9,"column":53}},"locations":[{"start":{"line":4,"column":37},"end":{"line":9,"column":53}}]},"1":{"type":"branch","line":9,"loc":{"start":{"line":9,"column":46},"end":{"line":9,"column":53}},"locations":[{"start":{"line":9,"column":46},"end":{"line":9,"column":53}}]},"2":{"type":"branch","line":7,"loc":{"start":{"line":7,"column":34},"end":{"line":7,"column":76}},"locations":[{"start":{"line":7,"column":34},"end":{"line":7,"column":76}}]},"3":{"type":"branch","line":7,"loc":{"start":{"line":7,"column":56},"end":{"line":7,"column":69}},"locations":[{"start":{"line":7,"column":56},"end":{"line":7,"column":69}}]}},"b":{"0":[7],"1":[2],"2":[6],"3":[0]},"fnMap":{"0":{"name":"calculateMaxWinOnBets","decl":{"start":{"line":4,"column":37},"end":{"line":9,"column":53}},"loc":{"start":{"line":4,"column":37},"end":{"line":9,"column":53}},"line":4}},"f":{"0":7}}
,"/Users/shashwatguta/Desktop/rock-paper-sissors-betting/src/Global/utils/calculateResults.ts": {"path":"/Users/shashwatguta/Desktop/rock-paper-sissors-betting/src/Global/utils/calculateResults.ts","all":false,"statementMap":{"0":{"start":{"line":1,"column":0},"end":{"line":1,"column":56}},"2":{"start":{"line":3,"column":0},"end":{"line":3,"column":50}},"4":{"start":{"line":5,"column":0},"end":{"line":5,"column":33}},"5":{"start":{"line":6,"column":0},"end":{"line":6,"column":61}},"6":{"start":{"line":7,"column":0},"end":{"line":7,"column":32}},"7":{"start":{"line":8,"column":0},"end":{"line":8,"column":14}},"8":{"start":{"line":9,"column":0},"end":{"line":9,"column":6}},"9":{"start":{"line":10,"column":0},"end":{"line":10,"column":23}},"13":{"start":{"line":14,"column":0},"end":{"line":14,"column":7}},"14":{"start":{"line":15,"column":0},"end":{"line":15,"column":12}},"15":{"start":{"line":16,"column":0},"end":{"line":16,"column":13}},"16":{"start":{"line":17,"column":0},"end":{"line":17,"column":13}},"17":{"start":{"line":18,"column":0},"end":{"line":18,"column":4}},"19":{"start":{"line":20,"column":0},"end":{"line":20,"column":30}},"20":{"start":{"line":21,"column":0},"end":{"line":21,"column":49}},"21":{"start":{"line":22,"column":0},"end":{"line":22,"column":75}},"22":{"start":{"line":23,"column":0},"end":{"line":23,"column":55}},"23":{"start":{"line":24,"column":0},"end":{"line":24,"column":3}},"25":{"start":{"line":26,"column":0},"end":{"line":26,"column":15}},"31":{"start":{"line":32,"column":0},"end":{"line":32,"column":36}},"32":{"start":{"line":33,"column":0},"end":{"line":33,"column":14}},"33":{"start":{"line":34,"column":0},"end":{"line":34,"column":21}},"34":{"start":{"line":35,"column":0},"end":{"line":35,"column":39}},"35":{"start":{"line":36,"column":0},"end":{"line":36,"column":20}},"36":{"start":{"line":37,"column":0},"end":{"line":37,"column":41}},"37":{"start":{"line":38,"column":0},"end":{"line":38,"column":17}},"38":{"start":{"line":39,"column":0},"end":{"line":39,"column":52}},"39":{"start":{"line":40,"column":0},"end":{"line":40,"column":6}},"40":{"start":{"line":41,"column":0},"end":{"line":41,"column":44}},"41":{"start":{"line":42,"column":0},"end":{"line":42,"column":14}},"42":{"start":{"line":43,"column":0},"end":{"line":43,"column":22}},"43":{"start":{"line":44,"column":0},"end":{"line":44,"column":35}},"44":{"start":{"line":45,"column":0},"end":{"line":45,"column":25}},"45":{"start":{"line":46,"column":0},"end":{"line":46,"column":6}},"46":{"start":{"line":47,"column":0},"end":{"line":47,"column":10}},"47":{"start":{"line":48,"column":0},"end":{"line":48,"column":14}},"48":{"start":{"line":49,"column":0},"end":{"line":49,"column":22}},"49":{"start":{"line":50,"column":0},"end":{"line":50,"column":40}},"50":{"start":{"line":51,"column":0},"end":{"line":51,"column":64}},"51":{"start":{"line":52,"column":0},"end":{"line":52,"column":6}},"52":{"start":{"line":53,"column":0},"end":{"line":53,"column":3}},"53":{"start":{"line":54,"column":0},"end":{"line":54,"column":16}},"54":{"start":{"line":55,"column":0},"end":{"line":55,"column":2}}},"s":{"0":1,"2":1,"4":1,"5":5,"6":5,"7":5,"8":5,"9":5,"13":5,"14":5,"15":5,"16":5,"17":5,"19":5,"20":6,"21":6,"22":6,"23":6,"25":5,"31":5,"32":3,"33":3,"34":3,"35":3,"36":3,"37":3,"38":3,"39":3,"40":3,"41":1,"42":1,"43":1,"44":1,"45":1,"46":1,"47":1,"48":1,"49":1,"50":1,"51":1,"52":1,"53":5,"54":5},"branchMap":{"0":{"type":"branch","line":5,"loc":{"start":{"line":5,"column":32},"end":{"line":55,"column":2}},"locations":[{"start":{"line":5,"column":32},"end":{"line":55,"column":2}}]},"1":{"type":"branch","line":20,"loc":{"start":{"line":20,"column":29},"end":{"line":24,"column":3}},"locations":[{"start":{"line":20,"column":29},"end":{"line":24,"column":3}}]},"2":{"type":"branch","line":32,"loc":{"start":{"line":32,"column":35},"end":{"line":53,"column":3}},"locations":[{"start":{"line":32,"column":35},"end":{"line":53,"column":3}}]},"3":{"type":"branch","line":41,"loc":{"start":{"line":41,"column":2},"end":{"line":53,"column":3}},"locations":[{"start":{"line":41,"column":2},"end":{"line":53,"column":3}}]},"4":{"type":"branch","line":41,"loc":{"start":{"line":41,"column":43},"end":{"line":53,"column":3}},"locations":[{"start":{"line":41,"column":43},"end":{"line":53,"column":3}}]}},"b":{"0":[5],"1":[6],"2":[3],"3":[2],"4":[1]},"fnMap":{"0":{"name":"calculateResults","decl":{"start":{"line":5,"column":32},"end":{"line":55,"column":2}},"loc":{"start":{"line":5,"column":32},"end":{"line":55,"column":2}},"line":5}},"f":{"0":5}}
,"/Users/shashwatguta/Desktop/rock-paper-sissors-betting/src/Global/utils/getWinLossDraw.ts": {"path":"/Users/shashwatguta/Desktop/rock-paper-sissors-betting/src/Global/utils/getWinLossDraw.ts","all":false,"statementMap":{"0":{"start":{"line":1,"column":0},"end":{"line":1,"column":41}},"2":{"start":{"line":3,"column":0},"end":{"line":3,"column":79}},"3":{"start":{"line":4,"column":0},"end":{"line":4,"column":38}},"4":{"start":{"line":5,"column":0},"end":{"line":5,"column":18}},"5":{"start":{"line":6,"column":0},"end":{"line":6,"column":13}},"6":{"start":{"line":7,"column":0},"end":{"line":7,"column":64}},"7":{"start":{"line":8,"column":0},"end":{"line":8,"column":37}},"8":{"start":{"line":9,"column":0},"end":{"line":9,"column":5}},"9":{"start":{"line":10,"column":0},"end":{"line":10,"column":17}},"10":{"start":{"line":11,"column":0},"end":{"line":11,"column":10}},"11":{"start":{"line":12,"column":0},"end":{"line":12,"column":18}},"12":{"start":{"line":13,"column":0},"end":{"line":13,"column":3}},"13":{"start":{"line":14,"column":0},"end":{"line":14,"column":2}}},"s":{"0":1,"2":1,"3":13,"4":2,"5":2,"6":11,"7":7,"8":11,"9":6,"10":6,"11":5,"12":5,"13":13},"branchMap":{"0":{"type":"branch","line":3,"loc":{"start":{"line":3,"column":30},"end":{"line":14,"column":2}},"locations":[{"start":{"line":3,"column":30},"end":{"line":14,"column":2}}]},"1":{"type":"branch","line":4,"loc":{"start":{"line":4,"column":37},"end":{"line":6,"column":13}},"locations":[{"start":{"line":4,"column":37},"end":{"line":6,"column":13}}]},"2":{"type":"branch","line":6,"loc":{"start":{"line":6,"column":2},"end":{"line":13,"column":3}},"locations":[{"start":{"line":6,"column":2},"end":{"line":13,"column":3}}]},"3":{"type":"branch","line":7,"loc":{"start":{"line":7,"column":20},"end":{"line":7,"column":64}},"locations":[{"start":{"line":7,"column":20},"end":{"line":7,"column":64}}]},"4":{"type":"branch","line":7,"loc":{"start":{"line":7,"column":54},"end":{"line":8,"column":37}},"locations":[{"start":{"line":7,"column":54},"end":{"line":8,"column":37}}]},"5":{"type":"branch","line":9,"loc":{"start":{"line":9,"column":4},"end":{"line":13,"column":3}},"locations":[{"start":{"line":9,"column":4},"end":{"line":13,"column":3}}]},"6":{"type":"branch","line":11,"loc":{"start":{"line":11,"column":2},"end":{"line":13,"column":3}},"locations":[{"start":{"line":11,"column":2},"end":{"line":13,"column":3}}]}},"b":{"0":[13],"1":[2],"2":[11],"3":[6],"4":[7],"5":[6],"6":[5]},"fnMap":{"0":{"name":"getWinLossDraw","decl":{"start":{"line":3,"column":30},"end":{"line":14,"column":2}},"loc":{"start":{"line":3,"column":30},"end":{"line":14,"column":2}},"line":3}},"f":{"0":13}}
}
